Subkey 15, hyp = d0:  0.019007583593772876
Subkey 15, hyp = d1:  0.012468766523867187
Subkey 15, hyp = d2:  0.016826234366072775
Subkey 15, hyp = d3:  0.01923446270619797
Subkey 15, hyp = d4:  0.02424428661569171
Subkey 15, hyp = d5:  0.013895991152186645
Subkey 15, hyp = d6:  0.018657013210475967
Subkey 15, hyp = d7:  0.016338448596953676
Subkey 15, hyp = d8:  0.017613090211937507
Subkey 15, hyp = d9:  0.013462913133850504
Subkey 15, hyp = da:  0.013855858347642679
Subkey 15, hyp = db:  0.012404074028172795
Subkey 15, hyp = dc:  0.013830210922950455
Subkey 15, hyp = dd:  0.014615636992481189
Subkey 15, hyp = de:  0.018525119420212215
Subkey 15, hyp = df:  0.013379891446015894
Subkey 15, hyp = e0:  0.011579673496798601
Subkey 15, hyp = e1:  0.06267748060669091
Subkey 15, hyp = e2:  0.01644977264195699
Subkey 15, hyp = e3:  0.012324194458447886
Subkey 15, hyp = e4:  0.01186178024892642
Subkey 15, hyp = e5:  0.011738440010069622
Subkey 15, hyp = e6:  0.01380654647384213
Subkey 15, hyp = e7:  0.013478163739515199
Subkey 15, hyp = e8:  0.014384252026428032
Subkey 15, hyp = e9:  0.013217102777010362
Subkey 15, hyp = ea:  0.018378385429626207
Subkey 15, hyp = eb:  0.01637322963409885
Subkey 15, hyp = ec:  0.024854537709814963
Subkey 15, hyp = ed:  0.012530354407226786
Subkey 15, hyp = ee:  0.017266581888572823
Subkey 15, hyp = ef:  0.010556395126552152
Subkey 15, hyp = f0:  0.02396490987572155
Subkey 15, hyp = f1:  0.012949217484922705
Subkey 15, hyp = f2:  0.014502574032304778
Subkey 15, hyp = f3:  0.014963314285949247
Subkey 15, hyp = f4:  0.012954752080796888
Subkey 15, hyp = f5:  0.01303155617835003
Subkey 15, hyp = f6:  0.013772034631913068
Subkey 15, hyp = f7:  0.019364248397445407
Subkey 15, hyp = f8:  0.010932180008903168
Subkey 15, hyp = f9:  0.013027691526298332
Subkey 15, hyp = fa:  0.01665869128411864
Subkey 15, hyp = fb:  0.015427833690631214
Subkey 15, hyp = fc:  0.011935004419024819
Subkey 15, hyp = fd:  0.014665594979696694
Subkey 15, hyp = fe:  0.018540794601137632
Subkey 15, hyp = ff:  0.018274501184871804
Best Key Guess:   56   89   ed   be   4c   65   db   f2   aa   2c   bd   c9   26   42   e6   e1  
Known Key:        56   89   ed   be   4c   65   db   f2   aa   2c   bd   c9   26   42   e6   e1  
PGE:             000  000  000  000  000  000  000  000  000  000  000  000  000  000  000  000  
SUCCESS:           1    1    1    1    1    1    1    1    1    1    1    1    1    1    1    1  
NUMBER OF CORRECT BYTES: 16